2025-03-02 22:10:31,057 - INFO     - 浏览器已启动
2025-03-02 22:10:41,349 - INFO     - 成功登录
2025-03-02 22:10:51,404 - INFO     - 网上选课
2025-03-02 22:10:51,483 - INFO     - 成功切换到iframe
2025-03-02 22:10:51,663 - INFO     - 按优选班选课
2025-03-02 22:10:51,663 - INFO     - 2025-03-02 22:10:51 开始检查课程名额...
2025-03-02 22:10:51,702 - INFO     - 成功找到目标课程: 机器学习B
2025-03-02 22:10:51,702 - INFO     - 目标课程行的XPath: //tr[.//span[@id and contains(text(),'机器学习B')]]
2025-03-02 22:10:51,715 - INFO     - 第1行HTML内容: <tr>
                    <td>
                    
                    
                    
                    <table class="table_border" id="table3">
                      <tbody><tr>
                        <th style="width:4%;">序号</th>
                        <th style="width:5%;">选课编号</th>
                        <th style="width:6%;">课程代码</th>
                        <th style="width:13%;">课程名称</th>
                        <th style="width:5%;">教学班</th>
                        <th style="width:5%;">学分</th>
                        <th style="width:5%;">性质</th>
                        <th style="width:6%;">任课教师</th>
                        <th style="width:5%;">开课院系</th>
                        <th style="width:15%;">上课时间</th>
                        <th style="width:12%;">优选类别</th>
                        <th style="width:5%;">状态</th>
                        
                        <th style="width:6%;">操作</th>
                      </tr>
                       
                      
                     
                      <tr>
                        <td>1</td>
                        <td><span id="teachIdChooseB2581" style="display:none;">A123271D75B271AD</span><span id="teachIdB2581">B2581</span></td>
                        <td><span id="courseCodeB2581">SCAI004112</span></td>
                        <td><span id="courseNameB2581">互联网搜索引擎</span></td>
                        <td><span id="teachClassIdB2581">1</span></td>
                        <td><span id="creditHourB2581">3.0</span></td>
                        <td><span id="courseTypeB2581">限</span></td>
                        <td><span id="teacherNameB2581">吴晓</span></td>
                        <td><span id="schoolAreaB2581" style="display:none;">犀浦校区</span>计算机</td>
                        <td>
							5-15周 星期一 11-13节<br>
							
							
							
							1-17周 星期一 6-7节<br>
							
							
							
							
							
							
							
							
							
							
							
							
							
							
							
							
							
							
							
							
							
							
							
							
							
							
							
							
							
							
							
							
							
							
							
							
							
							
							
							
							
							
							
							
							
							
							
							
							
							
							
							
							
							
							
							
							
							
							
							</td>
						 <td>计算机2022-01班<br>计算机2022-02班<br>计算机2022-03班<br>计算机2022-04班<br>计算机(茅班)2022-01班</td>
						 <td>
						 105/105
						 </td>
						 
						 <td><input type="button" name="btn1" value="选课" class="btn btn-blue" style="width:60px;" onclick="addApply('B2581')"></td>
                      </tr>
                       
                      
                     
                      <tr>
                        <td>2</td>
                        <td><span id="teachIdChooseB2583" style="display:none;">A25E50018159AB72</span><span id="teachIdB2583">B2583</span></td>
                        <td><span id="courseCodeB2583">SCAI004312</span></td>
                        <td><span id="courseNameB2583">机器学习B</span></td>
                        <td><span id="teachClassIdB2583">1</span></td>
                        <td><span id="creditHourB2583">2.0</span></td>
                        <td><span id="courseTypeB2583">限</span></td>
                        <td><span id="teacherNameB2583">詹大为</span></td>
                        <td><span id="schoolAreaB2583" style="display:none;">犀浦校区</span>计算机</td>
                        <td>
							1-17周 星期五 3-4节<br>
							
							
							
							
							
							
							
							
							
							
							
							
							
							
							
							
							
							
							
							
							
							
							
							
							
							
							
							
							
							
							
							
							
							
							
							
							
							
							
							
							
							
							
							
							
							
							
							
							
							
							
							
							
							
							
							
							
							
							
							
							
							</td>
						 <td>计算机2022-01班<br>计算机2022-02班<br>计算机2022-03班<br>计算机2022-04班<br>计算机(茅班)2022-01班</td>
						 <td>
						 91/110
						 </td>
						 
						 <td><input type="button" name="btn1" value="选课" class="btn btn-blue" style="width:60px;" onclick="addApply('B2583')"></td>
                      </tr>
                       
                      
                     
                      <tr>
                        <td>3</td>
                        <td><span id="teachIdChooseB2585" style="display:none;">B5A84B877B611984</span><span id="teachIdB2585">B2585</span></td>
                        <td><span id="courseCodeB2585">SCAI004412</span></td>
                        <td><span id="courseNameB2585">机器学习实验</span></td>
                        <td><span id="teachClassIdB2585">1</span></td>
                        <td><span id="creditHourB2585">1.0</span></td>
                        <td><span id="courseTypeB2585">限</span></td>
                        <td><span id="teacherNameB2585">詹大为</span></td>
                        <td><span id="schoolAreaB2585" style="display:none;">犀浦校区</span>计算机</td>
                        <td>
							5-15周 星期三 3-5节<br>
							
							
							
							
							
							
							
							
							
							
							
							
							
							
							
							
							
							
							
							
							
							
							
							
							
							
							
							
							
							
							
							
							
							
							
							
							
							
							
							
							
							
							
							
							
							
							
							
							
							
							
							
							
							
							
							
							
							
							
							
							
							</td>
						 <td>计算机2022-01班<br>计算机2022-02班<br>计算机2022-03班<br>计算机2022-04班<br>计算机(茅班)2022-01班</td>
						 <td>
						 88/105
						 </td>
						 
						 <td><input type="button" name="btn1" value="选课" class="btn btn-blue" style="width:60px;" onclick="addApply('B2585')"></td>
                      </tr>
                       
                      
                     
                      <tr>
                        <td>4</td>
                        <td><span id="teachIdChooseB2661" style="display:none;">142AF56D346BA5A1</span><span id="teachIdB2661">B2661</span></td>
                        <td><span id="courseCodeB2661">SCAI020513</span></td>
                        <td><span id="courseNameB2661">计算机科学与技术专业工程实习</span></td>
                        <td><span id="teachClassIdB2661">1</span></td>
                        <td><span id="creditHourB2661">2.0</span></td>
                        <td><span id="courseTypeB2661">必</span></td>
                        <td><span id="teacherNameB2661">陈剑波</span></td>
                        <td><span id="schoolAreaB2661" style="display:none;">犀浦校区</span>计算机</td>
                        <td>
							短学期/实习<br>
							
							
							
							
							
							
							
							
							
							
							
							
							
							
							
							
							
							
							
							
							
							
							
							
							
							
							
							
							
							
							
							
							
							
							
							
							
							
							
							
							
							
							
							
							
							
							
							
							
							
							
							
							
							
							
							
							
							
							
							
							
							</td>
						 <td>计算机2022-01班<br>计算机2022-02班<br>计算机2022-03班<br>计算机2022-04班<br>计算机(茅班)2022-01班</td>
						 <td>
						 147/150
						 </td>
						 
						 <td><input type="button" name="btn1" value="选课" class="btn btn-blue" style="width:60px;" onclick="addApply('B2661')"></td>
                      </tr>
                       
                      
                     
                      <tr>
                        <td>5</td>
                        <td><span id="teachIdChooseB2658" style="display:none;">16177EFD40A50CB1</span><span id="teachIdB2658">B2658</span></td>
                        <td><span id="courseCodeB2658">SCAI020115</span></td>
                        <td><span id="courseNameB2658">区块链技术及应用</span></td>
                        <td><span id="teachClassIdB2658">2</span></td>
                        <td><span id="creditHourB2658">2.0</span></td>
                        <td><span id="courseTypeB2658">限</span></td>
                        <td><span id="teacherNameB2658">赵其刚</span></td>
                        <td><span id="schoolAreaB2658" style="display:none;">犀浦校区</span>计算机</td>
                        <td>
							1-17周 星期二 11-12节<br>
							
							
							
							
							
							
							
							
							
							
							
							
							
							
							
							
							
							
							
							
							
							
							
							
							
							
							
							
							
							
							
							
							
							
							
							
							
							
							
							
							
							
							
							
							
							
							
							
							
							
							
							
							
							
							
							
							
							
							
							
							
							</td>
						 <td>计算机2022-01班<br>计算机2022-02班<br>计算机2022-03班<br>计算机2022-04班</td>
						 <td>
						 36/80
						 </td>
						 
						 <td><input type="button" name="btn1" value="选课" class="btn btn-blue" style="width:60px;" onclick="addApply('B2658')"></td>
                      </tr>
                       
                      
                     
                      <tr>
                        <td>6</td>
                        <td><span id="teachIdChooseB2582" style="display:none;">03046888EB970909</span><span id="teachIdB2582">B2582</span></td>
                        <td><span id="courseCodeB2582">SCAI004212</span></td>
                        <td><span id="courseNameB2582">人机交互与动漫游戏</span></td>
                        <td><span id="teachClassIdB2582">1</span></td>
                        <td><span id="creditHourB2582">3.0</span></td>
                        <td><span id="courseTypeB2582">限</span></td>
                        <td><span id="teacherNameB2582">黄海于</span></td>
                        <td><span id="schoolAreaB2582" style="display:none;">犀浦校区</span>计算机</td>
                        <td>
							1-17周 星期一 3-5节<br>
							
							
							
							
							
							
							
							
							
							
							
							
							
							
							
							
							
							
							
							
							
							
							
							
							
							
							
							
							
							
							
							
							
							
							
							
							
							
							
							
							
							
							
							
							
							
							
							
							
							
							
							
							
							
							
							
							
							
							
							
							
							</td>
						 <td>计算机2022-01班<br>计算机2022-02班<br>计算机2022-03班<br>计算机2022-04班<br>计算机(茅班)2022-01班</td>
						 <td>
						 19/80
						 </td>
						 
						 <td><input type="button" name="btn1" value="选课" class="btn btn-blue" style="width:60px;" onclick="addApply('B2582')"></td>
                      </tr>
                       
                      
                     
                      <tr>
                        <td>7</td>
                        <td><span id="teachIdChooseB2580" style="display:none;">2AB76CF97D7C60C7</span><span id="teachIdB2580">B2580</span></td>
                        <td><span id="courseCodeB2580">SCAI003712</span></td>
                        <td><span id="courseNameB2580">软件系统设计与应用</span></td>
                        <td><span id="teachClassIdB2580">1</span></td>
                        <td><span id="creditHourB2580">4.0</span></td>
                        <td><span id="courseTypeB2580">必</span></td>
                        <td><span id="teacherNameB2580">殷成凤,李崇寿,罗骜,罗皓楠</span></td>
                        <td><span id="schoolAreaB2580" style="display:none;">犀浦校区</span>计算机</td>
                        <td>
							2-17周 星期五 6-9节<br>
							
							
							
							2-17周 星期五 6-9节<br>
							
							
							
							1-17周 星期三 1-2节<br>
							
							
							
							
							
							
							
							
							
							
							
							
							
							
							
							
							
							
							
							
							
							
							
							
							
							
							
							
							
							
							
							
							
							
							
							
							
							
							
							
							
							
							
							
							
							
							
							
							
							
							
							
							
							
							
							
							
							</td>
						 <td>计算机2022-01班<br>计算机2022-02班<br>计算机2022-03班<br>计算机2022-04班<br>计算机(茅班)2022-01班</td>
						 <td>
						 150/150
						 </td>
						 
						 <td><input type="button" name="btn1" value="选课" class="btn btn-blue" style="width:60px;" onclick="addApply('B2580')"></td>
                      </tr>
                       
                      
                     
                      <tr>
                        <td>8</td>
                        <td><span id="teachIdChooseB2377" style="display:none;">679FF858D76FDF19</span><span id="teachIdB2377">B2377</span></td>
                        <td><span id="courseCodeB2377">PHYE000611</span></td>
                        <td><span id="courseNameB2377">体育健康课程Ⅱ</span></td>
                        <td><span id="teachClassIdB2377">3</span></td>
                        <td><span id="creditHourB2377">0.5</span></td>
                        <td><span id="courseTypeB2377">必</span></td>
                        <td><span id="teacherNameB2377">高平</span></td>
                        <td><span id="schoolAreaB2377" style="display:none;">犀浦校区</span>体育</td>
                        <td>
							1-17周 星期一 8-9节<br>
							
							
							
							
							
							
							
							
							
							
							
							
							
							
							
							
							
							
							
							
							
							
							
							
							
							
							
							
							
							
							
							
							
							
							
							
							
							
							
							
							
							
							
							
							
							
							
							
							
							
							
							
							
							
							
							
							
							
							
							
							
							</td>
						 <td>地质2022-01班<br>地质2022-02班<br>地质2022-03班<br>地质2022-04班<br>遥感2022-01班<br>遥感2022-02班<br>铁道2022-01班<br>铁道2022-02班<br>道桥2022-01班<br>道桥2022-02班<br>建环2022-01班<br>建环2022-02班<br>建环2022-03班<br>电气(轨道)2022-01班<br>电气(轨道)2022-02班<br>电气(轨道)2022-03班<br>电气(功率器件)2022-01班<br>电子(机器人)2022-01班<br>电子(人工)2022-01班<br>电子(轨道)2022-01班<br>电气(茅班)2022-01班<br>计算机2022-01班<br>计算机2022-02班<br>计算机2022-03班<br>计算机2022-04班<br>交通2022-01班<br>交通2022-02班<br>交通2022-03班<br>城规2022-01班<br>景观2022-01班<br>材料(金属)2022-01班<br>材料(金属)2022-02班<br>材料(金属)2022-03班<br>材料(无机)2022-01班<br>材料(茅班)2022-01班<br>工力2022-01班<br>工力2022-02班<br>工力2022-03班<br>工力(拔尖)2022-01班<br>物理2022-01班<br>物理2022-02班<br>物理2022-03班<br>物理2022-04班<br>物理2022-05班<br>物理2022-06班<br>物理2022-07班<br>物理(拔尖)2022-01班<br>计算机(茅班)2022-01班<br>城市设计2022-01班<br>城市设计2022-02班<br>新能源2022-01班<br>新能源2022-02班<br>新能源2022-03班<br>新能源2022-04班<br>新能源2022-05班<br>智慧交通2022-01班<br>智慧交通2022-02班<br>智慧交通2022-03班<br>智慧交通2022-04班<br>心理2022-01班<br>心理2022-02班</td>
						 <td>
						 1661/1780
						 </td>
						 
						 <td><input type="button" name="btn1" value="选课" class="btn btn-blue" style="width:60px;" onclick="addApply('B2377')"></td>
                      </tr>
                       
                      
                     
                      <tr>
                        <td>9</td>
                        <td><span id="teachIdChooseB2587" style="display:none;">C2FE4E00EBA8B599</span><span id="teachIdB2587">B2587</span></td>
                        <td><span id="courseCodeB2587">SCAI004512</span></td>
                        <td><span id="courseNameB2587">网络编程技术</span></td>
                        <td><span id="teachClassIdB2587">1</span></td>
                        <td><span id="creditHourB2587">3.0</span></td>
                        <td><span id="courseTypeB2587">限</span></td>
                        <td><span id="teacherNameB2587">陈剑波</span></td>
                        <td><span id="schoolAreaB2587" style="display:none;">犀浦校区</span>计算机</td>
                        <td>
							1-17周 星期三 6-7节<br>
							
							
							
							1-17周 星期三 11-12节<br>
							
							
							
							
							
							
							
							
							
							
							
							
							
							
							
							
							
							
							
							
							
							
							
							
							
							
							
							
							
							
							
							
							
							
							
							
							
							
							
							
							
							
							
							
							
							
							
							
							
							
							
							
							
							
							
							
							
							
							
							</td>
						 <td>计算机2022-01班<br>计算机2022-02班<br>计算机2022-03班<br>计算机2022-04班</td>
						 <td>
						 99/105
						 </td>
						 
						 <td><input type="button" name="btn1" value="选课" class="btn btn-blue" style="width:60px;" onclick="addApply('B2587')"></td>
                      </tr>
                       
                      
                     
                      <tr>
                        <td>10</td>
                        <td><span id="teachIdChooseB1432" style="display:none;">168843284D8E674F</span><span id="teachIdB1432">B1432</span></td>
                        <td><span id="courseCodeB1432">MARX001111</span></td>
                        <td><span id="courseNameB1432">习近平新时代中国特色社会主义思想概论</span></td>
                        <td><span id="teachClassIdB1432">14</span></td>
                        <td><span id="creditHourB1432">3.0</span></td>
                        <td><span id="courseTypeB1432">必</span></td>
                        <td><span id="teacherNameB1432">蔡文</span></td>
                        <td><span id="schoolAreaB1432" style="display:none;">犀浦校区</span>马院</td>
                        <td>
							1-17周 星期二 3-5节<br>
							
							
							
							
							
							
							
							
							
							
							
							
							
							
							
							
							
							
							
							
							
							
							
							
							
							
							
							
							
							
							
							
							
							
							
							
							
							
							
							
							
							
							
							
							
							
							
							
							
							
							
							
							
							
							
							
							
							
							
							
							
							</td>
						 <td>计算机2022-01班<br>通信2022-02班<br>新能源2022-05班</td>
						 <td>
						 100/100
						 </td>
						 
						 <td><input type="button" name="btn1" value="选课" class="btn btn-blue" style="width:60px;" onclick="addApply('B1432')"></td>
                      </tr>
                       
                      
                     
                      <tr>
                        <td>11</td>
                        <td><span id="teachIdChooseB2600" style="display:none;">AF75F7792A2E88F0</span><span id="teachIdB2600">B2600</span></td>
                        <td><span id="courseCodeB2600">SCAI005715</span></td>
                        <td><span id="courseNameB2600">现代铁路信息技术</span></td>
                        <td><span id="teachClassIdB2600">1</span></td>
                        <td><span id="creditHourB2600">2.0</span></td>
                        <td><span id="courseTypeB2600">限</span></td>
                        <td><span id="teacherNameB2600">陈剑波</span></td>
                        <td><span id="schoolAreaB2600" style="display:none;">犀浦校区</span>计算机</td>
                        <td>
							1-17周 星期四 1-2节<br>
							
							
							
							
							
							
							
							
							
							
							
							
							
							
							
							
							
							
							
							
							
							
							
							
							
							
							
							
							
							
							
							
							
							
							
							
							
							
							
							
							
							
							
							
							
							
							
							
							
							
							
							
							
							
							
							
							
							
							
							
							
							</td>
						 <td>计算机2022-01班<br>计算机2022-02班<br>计算机2022-03班<br>计算机2022-04班<br>软件2022-01班<br>软件2022-02班<br>软件2022-03班<br>智能2022-01班<br>智能2022-02班<br>智能2022-03班</td>
						 <td>
						 200/200
						 </td>
						 
						 <td><input type="button" name="btn1" value="选课" class="btn btn-blue" style="width:60px;" onclick="addApply('B2600')"></td>
                      </tr>
                       
                      
                     
                      <tr>
                        <td>12</td>
                        <td><span id="teachIdChooseB1659" style="display:none;">134E73F018327DB6</span><span id="teachIdB1659">B1659</span></td>
                        <td><span id="courseCodeB1659">MARX022311</span></td>
                        <td><span id="courseNameB1659">形势与政策VⅠ</span></td>
                        <td><span id="teachClassIdB1659">19</span></td>
                        <td><span id="creditHourB1659">0.0</span></td>
                        <td><span id="courseTypeB1659">必</span></td>
                        <td><span id="teacherNameB1659">李裕</span></td>
                        <td><span id="schoolAreaB1659" style="display:none;">犀浦校区</span>马院</td>
                        <td>
							4,8,12,16周 星期四 6-7节<br>
							
							
							
							
							
							
							
							
							
							
							
							
							
							
							
							
							
							
							
							
							
							
							
							
							
							
							
							
							
							
							
							
							
							
							
							
							
							
							
							
							
							
							
							
							
							
							
							
							
							
							
							
							
							
							
							
							
							
							
							
							
							</td>
						 <td>电气(茅班)2022-01班<br>计算机2022-01班<br>计算机2022-02班<br>计算机2022-03班</td>
						 <td>
						 119/120
						 </td>
						 
						 <td><input type="button" name="btn1" value="选课" class="btn btn-blue" style="width:60px;" onclick="addApply('B1659')"></td>
                      </tr>
                       
                      
                     
                      <tr>
                        <td>13</td>
                        <td><span id="teachIdChooseB2664" style="display:none;">6FB155025A4F70E9</span><span id="teachIdB2664">B2664</span></td>
                        <td><span id="courseCodeB2664">SCAI021112</span></td>
                        <td><span id="courseNameB2664">智能嵌入式系统设计</span></td>
                        <td><span id="teachClassIdB2664">1</span></td>
                        <td><span id="creditHourB2664">2.0</span></td>
                        <td><span id="courseTypeB2664">必</span></td>
                        <td><span id="teacherNameB2664">何滨</span></td>
                        <td><span id="schoolAreaB2664" style="display:none;">犀浦校区</span>计算机</td>
                        <td>
							1-17周 星期五 1-2节<br>
							
							
							
							
							
							
							
							
							
							
							
							
							
							
							
							
							
							
							
							
							
							
							
							
							
							
							
							
							
							
							
							
							
							
							
							
							
							
							
							
							
							
							
							
							
							
							
							
							
							
							
							
							
							
							
							
							
							
							
							
							
							</td>
						 <td>计算机2022-01班<br>计算机2022-02班<br>计算机2022-03班<br>计算机2022-04班<br>计算机(茅班)2022-01班</td>
						 <td>
						 151/160
						 </td>
						 
						 <td><input type="button" name="btn1" value="选课" class="btn btn-blue" style="width:60px;" onclick="addApply('B2664')"></td>
                      </tr>
                       
                      
                     
                      <tr>
                        <td>14</td>
                        <td><span id="teachIdChooseB2665" style="display:none;">A0A89CE90C0A5473</span><span id="teachIdB2665">B2665</span></td>
                        <td><span id="courseCodeB2665">SCAI021212</span></td>
                        <td><span id="courseNameB2665">智能嵌入式系统设计实验</span></td>
                        <td><span id="teachClassIdB2665">1</span></td>
                        <td><span id="creditHourB2665">1.0</span></td>
                        <td><span id="courseTypeB2665">必</span></td>
                        <td><span id="teacherNameB2665">陈大玲</span></td>
                        <td><span id="schoolAreaB2665" style="display:none;">犀浦校区</span>计算机</td>
                        <td>
							7-17周 星期二 8-10节<br>
							
							
							
							
							
							
							
							
							
							
							
							
							
							
							
							
							
							
							
							
							
							
							
							
							
							
							
							
							
							
							
							
							
							
							
							
							
							
							
							
							
							
							
							
							
							
							
							
							
							
							
							
							
							
							
							
							
							
							
							
							
							</td>
						 <td>计算机2022-01班<br>计算机2022-02班</td>
						 <td>
						 62/62
						 </td>
						 
						 <td><input type="button" name="btn1" value="选课" class="btn btn-blue" style="width:60px;" onclick="addApply('B2665')"></td>
                      </tr>
                      
                     
                    </tbody></table>
                    
                    
                    
                    </td>
                  </tr>
2025-03-02 22:10:51,723 - INFO     - 第2行HTML内容: <tr>
                        <td>2</td>
                        <td><span id="teachIdChooseB2583" style="display:none;">A25E50018159AB72</span><span id="teachIdB2583">B2583</span></td>
                        <td><span id="courseCodeB2583">SCAI004312</span></td>
                        <td><span id="courseNameB2583">机器学习B</span></td>
                        <td><span id="teachClassIdB2583">1</span></td>
                        <td><span id="creditHourB2583">2.0</span></td>
                        <td><span id="courseTypeB2583">限</span></td>
                        <td><span id="teacherNameB2583">詹大为</span></td>
                        <td><span id="schoolAreaB2583" style="display:none;">犀浦校区</span>计算机</td>
                        <td>
							1-17周 星期五 3-4节<br>
							
							
							
							
							
							
							
							
							
							
							
							
							
							
							
							
							
							
							
							
							
							
							
							
							
							
							
							
							
							
							
							
							
							
							
							
							
							
							
							
							
							
							
							
							
							
							
							
							
							
							
							
							
							
							
							
							
							
							
							
							
							</td>
						 <td>计算机2022-01班<br>计算机2022-02班<br>计算机2022-03班<br>计算机2022-04班<br>计算机(茅班)2022-01班</td>
						 <td>
						 91/110
						 </td>
						 
						 <td><input type="button" name="btn1" value="选课" class="btn btn-blue" style="width:60px;" onclick="addApply('B2583')"></td>
                      </tr>
2025-03-02 22:10:51,723 - INFO     - 程序等待中
2025-03-02 22:35:21,289 - INFO     - 浏览器已启动
2025-03-02 22:35:27,665 - INFO     - 成功登录
2025-03-02 22:35:37,734 - INFO     - 网上选课
2025-03-02 22:35:37,826 - INFO     - 成功切换到iframe
2025-03-02 22:35:38,099 - INFO     - 按优选班选课
2025-03-02 22:35:41,654 - INFO     - 2025-03-02 22:35:41 开始检查课程名额...
2025-03-02 22:35:47,184 - INFO     - 成功找到目标课程: 机器学习B
2025-03-02 22:35:49,710 - INFO     - 目标课程行的XPath: //tr[.//span[@id and contains(text(),'机器学习B')]]
2025-03-02 22:45:27,541 - INFO     - 浏览器已启动
2025-03-02 22:45:35,312 - INFO     - 成功登录
2025-03-02 22:45:45,388 - INFO     - 网上选课
2025-03-02 22:45:45,463 - INFO     - 成功切换到iframe
2025-03-02 22:45:45,726 - INFO     - 按优选班选课
2025-03-02 22:45:49,736 - INFO     - 2025-03-02 22:45:49 开始检查课程名额...
2025-03-02 22:45:52,992 - INFO     - 成功找到目标课程: 机器学习B
2025-03-02 22:45:54,766 - INFO     - 目标课程行的XPath: //tr[.//span[@id and contains(text(),'机器学习B')]]
2025-03-02 22:46:59,503 - INFO     - 浏览器已启动
2025-03-02 22:47:06,474 - INFO     - 成功登录
2025-03-02 22:47:16,538 - INFO     - 网上选课
2025-03-02 22:47:16,602 - INFO     - 成功切换到iframe
2025-03-02 22:47:16,785 - INFO     - 按优选班选课
2025-03-02 22:47:20,183 - INFO     - 2025-03-02 22:47:20 开始检查课程名额...
2025-03-02 22:47:21,684 - INFO     - 成功找到目标课程: 机器学习B
2025-03-02 22:47:22,322 - INFO     - 目标课程行的XPath: //tr[.//span[@id and contains(text(),'机器学习B')]]
2025-03-02 22:47:28,321 - INFO     - 检测到有空位: 91/110，尝试选课
2025-03-02 22:48:09,308 - INFO     - 浏览器已启动
2025-03-02 22:48:16,327 - INFO     - 成功登录
2025-03-02 22:48:26,405 - INFO     - 网上选课
2025-03-02 22:48:26,471 - INFO     - 成功切换到iframe
2025-03-02 22:48:26,687 - INFO     - 按优选班选课
2025-03-02 22:48:31,310 - INFO     - 2025-03-02 22:48:31 开始检查课程名额...
2025-03-02 22:48:32,865 - INFO     - 成功找到目标课程: 机器学习B
2025-03-02 22:48:33,241 - INFO     - 目标课程行的XPath: //tr[.//span[@id and contains(text(),'机器学习B')]]
2025-03-02 22:48:36,130 - INFO     - 检测到有空位: 91/110，尝试选课
2025-03-02 22:52:54,605 - INFO     - 浏览器已启动
2025-03-02 22:53:03,235 - INFO     - 成功登录
2025-03-02 22:53:13,297 - INFO     - 网上选课
2025-03-02 22:53:13,357 - INFO     - 成功切换到iframe
2025-03-02 22:53:13,532 - INFO     - 按优选班选课
2025-03-02 22:53:13,532 - INFO     - 2025-03-02 22:53:13 开始检查课程名额...
2025-03-02 22:53:13,578 - INFO     - 成功找到目标课程: 机器学习B
2025-03-02 22:53:13,578 - INFO     - 目标课程行的XPath: //tr[.//span[@id and contains(text(),'机器学习B')]]
2025-03-02 22:53:13,595 - INFO     - 检测到有空位: 91/110，尝试选课
2025-03-02 22:53:13,683 - INFO     - 程序等待中
2025-03-02 22:55:29,745 - INFO     - 浏览器已启动
2025-03-02 22:55:36,532 - INFO     - 成功登录
2025-03-02 22:55:46,602 - INFO     - 网上选课
2025-03-02 22:55:46,653 - INFO     - 成功切换到iframe
2025-03-02 22:55:46,821 - INFO     - 按优选班选课
2025-03-02 22:55:46,821 - INFO     - 2025-03-02 22:55:46 开始检查课程名额...
2025-03-02 22:55:46,864 - INFO     - 成功找到目标课程: 机器学习B
2025-03-02 22:55:46,864 - INFO     - 目标课程行的XPath: //tr[.//span[@id and contains(text(),'机器学习B')]]
2025-03-02 22:55:46,880 - INFO     - 检测到有空位: 91/110，尝试选课
2025-03-02 22:55:57,382 - INFO     - 程序等待中
2025-03-02 22:56:24,966 - INFO     - 浏览器已启动
2025-03-02 22:56:31,594 - INFO     - 成功登录
2025-03-02 22:56:41,664 - INFO     - 网上选课
2025-03-02 22:56:41,732 - INFO     - 成功切换到iframe
2025-03-02 22:56:41,923 - INFO     - 按优选班选课
2025-03-02 22:56:52,787 - INFO     - 2025-03-02 22:56:52 开始检查课程名额...
2025-03-02 22:56:53,874 - INFO     - 成功找到目标课程: 机器学习B
2025-03-02 22:56:54,114 - INFO     - 目标课程行的XPath: //tr[.//span[@id and contains(text(),'机器学习B')]]
2025-03-02 22:56:56,084 - INFO     - 检测到有空位: 91/110，尝试选课
2025-03-02 22:57:06,548 - CRITICAL - 选课成功！
2025-03-02 22:57:09,388 - INFO     - 抢课流程成功完成
2025-03-02 22:57:10,353 - INFO     - 程序等待中
2025-03-02 22:58:05,080 - INFO     - 浏览器已启动
2025-03-02 22:58:12,661 - INFO     - 成功登录
2025-03-02 22:58:22,723 - INFO     - 网上选课
2025-03-02 22:58:22,807 - INFO     - 成功切换到iframe
2025-03-02 22:58:22,975 - INFO     - 按优选班选课
2025-03-02 22:58:22,976 - INFO     - 2025-03-02 22:58:22 开始检查课程名额...
2025-03-02 22:58:23,026 - INFO     - 成功找到目标课程: 机器学习B
2025-03-02 22:58:23,027 - INFO     - 目标课程行的XPath: //tr[.//span[@id and contains(text(),'机器学习B')]]
2025-03-02 22:58:23,042 - INFO     - 检测到有空位: 92/110，尝试选课
2025-03-02 22:58:23,211 - CRITICAL - 选课成功！
2025-03-02 22:58:23,211 - INFO     - 抢课流程成功完成
2025-03-02 22:58:23,211 - INFO     - 程序等待中
